[INFO] Scanning for projects...
[WARNING] 
[WARNING] Some problems were encountered while building the effective model for org.motechproject:motech-platform-batch:bundle:0.24-SNAPSHOT
[WARNING] 'dependencies.dependency.(groupId:artifactId:type:classifier)' must be unique: junit:junit:jar -> duplicate declaration of version 4.11 @ line 535, column 21
[WARNING] 'dependencies.dependency.(groupId:artifactId:type:classifier)' must be unique: junit:junit:jar -> duplicate declaration of version 4.11 @ line 541, column 21
[WARNING] 'dependencies.dependency.(groupId:artifactId:type:classifier)' must be unique: org.motechproject:motech-platform-osgi-extender-fragment:jar -> version ${project.version} vs (?) @ line 547, column 16
[WARNING] 
[WARNING] It is highly recommended to fix these problems because they threaten the stability of your build.
[WARNING] 
[WARNING] For this reason, future Maven versions might no longer support building such malformed projects.
[WARNING] 
[INFO]                                                                         
[INFO] ------------------------------------------------------------------------
[INFO] Building MOTECH Batch 0.24-SNAPSHOT
[INFO] ------------------------------------------------------------------------
[WARNING] The POM for org.springframework.batch.infrastructure:org.motechproject.org.springframework.batch.infrastructure:jar:3.0.0.M3-r027 is invalid, transitive dependencies (if any) will not be available, enable debug logging for more details
[INFO] 
[INFO] --- maven-clean-plugin:2.5:clean (default-clean) @ motech-platform-batch ---
[INFO] Deleting /home/naveen/Desktop/work/branch-dev-batch/modules/batch/target
[INFO] 
[INFO] --- maven-enforcer-plugin:1.3.1:enforce (enforce-dependency-convergence) @ motech-platform-batch ---
[WARNING] Invalid POM for org.springframework.batch.infrastructure:org.motechproject.org.springframework.batch.infrastructure:jar:3.0.0.M3-r027, transitive dependencies (if any) will not be available, enable debug logging for more details
[INFO] 
[INFO] --- properties-maven-plugin:1.0-alpha-2:read-project-properties (default) @ motech-platform-batch ---
[INFO] 
[INFO] --- maven-dependency-plugin:2.8:resolve (list-dependencies) @ motech-platform-batch ---
[INFO] 
[INFO] --- maven-dependency-plugin:2.8:copy-dependencies (copy-osgi-dependencies) @ motech-platform-batch ---
[INFO] Copying com.springsource.org.hsqldb-1.8.0.9.jar to /home/naveen/.motech/bundles/com.springsource.org.hsqldb-1.8.0.9.jar
[INFO] com.springsource.org.hamcrest.core-1.1.0.jar already exists in destination.
[INFO] javassist-3.18.1-GA.jar already exists in destination.
[INFO] com.springsource.org.apache.commons.dbcp-1.2.2.osgi.jar already exists in destination.
[INFO] groovy-all-1.8.9.jar already exists in destination.
[INFO] javax.persistence-2.1.0.jar already exists in destination.
[INFO] org.springframework.context.support-3.1.2.RELEASE.jar already exists in destination.
[INFO] stax-api-1.0.1.jar already exists in destination.
[INFO] org.springframework.aop-3.1.2.RELEASE.jar already exists in destination.
[INFO] maven-model-3.0.4.jar already exists in destination.
[INFO] com.springsource.org.aopalliance-1.0.0.jar already exists in destination.
[INFO] spring-expression-4.0.3.RELEASE.jar already exists in destination.
[INFO] maven-aether-provider-3.0.4.jar already exists in destination.
[INFO] com.springsource.org.objectweb.asm-2.2.3.jar already exists in destination.
[INFO] wagon-http-shared-1.0.jar already exists in destination.
[INFO] aether-impl-1.13.1.jar already exists in destination.
[INFO] com.springsource.org.hamcrest-1.1.0.jar already exists in destination.
[INFO] spring-retry-1.1.0.RELEASE.jar already exists in destination.
[INFO] org.motechproject.org.postgresql-9.1-901.jdbc4-r027.jar already exists in destination.
[INFO] org.springframework.expression-3.1.2.RELEASE.jar already exists in destination.
[INFO] org.motechproject.org.springframework.batch.core-3.0.0.M3-r027.jar already exists in destination.
[INFO] maven-repository-metadata-3.0.4.jar already exists in destination.
[INFO] org.springframework.oxm-3.1.2.RELEASE.jar already exists in destination.
[INFO] motech-platform-commons-couchdb-0.24-SNAPSHOT.jar already exists in destination.
[INFO] joda-time-2.0.jar already exists in destination.
[INFO] org.motechproject.javax.time-0.6.3-r027.jar already exists in destination.
[INFO] jopt-simple-4.6.jar already exists in destination.
[INFO] motech-platform-commons-sql-0.24-SNAPSHOT.jar already exists in destination.
[INFO] commons-httpclient-3.1.jar already exists in destination.
[INFO] org.motechproject.com.google.code.gson-1.7.1-r027.jar already exists in destination.
[INFO] jettison-1.2.jar already exists in destination.
[INFO] aether-connector-wagon-1.13.1.jar already exists in destination.
[INFO] motech-platform-osgi-extender-fragment-0.24-SNAPSHOT.jar already exists in destination.
[INFO] commons-logging-1.0.4.jar already exists in destination.
[INFO] com.springsource.javax.management.j2ee-1.0.1.jar already exists in destination.
[INFO] com.springsource.javax.validation-1.0.0.GA.jar already exists in destination.
[INFO] com.springsource.slf4j.api-1.6.1.jar already exists in destination.
[INFO] javax.el-api-2.2.5.jar already exists in destination.
[INFO] google-collections-1.0.jar already exists in destination.
[INFO] guava-r08.jar already exists in destination.
[INFO] org.springframework.security.config-3.1.2.RELEASE.jar already exists in destination.
[INFO] spring-osgi-io-1.2.1.jar already exists in destination.
[INFO] org.eclipse.osgi.services-3.3.0.v20110513.jar already exists in destination.
[INFO] com.springsource.com.mysql.jdbc-5.1.6.jar already exists in destination.
[INFO] com.springsource.javax.jms-1.1.0.jar already exists in destination.
[INFO] com.springsource.javax.servlet-2.5.0.jar already exists in destination.
[INFO] org.motechproject.org.springframework.amqp-1.3.3.RELEASE-r027.jar already exists in destination.
[INFO] com.springsource.org.apache.commons.io-1.4.0.jar already exists in destination.
[INFO] quartz-couchdb-store-0.9.4.jar already exists in destination.
[INFO] datanucleus-core-3.2.12.jar already exists in destination.
[INFO] spring-core-3.2.8.RELEASE.jar already exists in destination.
[INFO] motech-osgi-platform-0.24-SNAPSHOT.jar already exists in destination.
[INFO] com.springsource.net.sf.cglib-2.2.0.jar already exists in destination.
[INFO] com.springsource.org.apache.httpcomponents.httpcore-4.1.1.jar already exists in destination.
[INFO] org.motechproject.org.apache.activemq-5.4.2-r027.jar already exists in destination.
[INFO] com.springsource.org.apache.commons.logging-1.1.1.jar already exists in destination.
[INFO] xstream-1.4.7.jar already exists in destination.
[INFO] spring-data-commons-1.6.4.RELEASE.jar already exists in destination.
[INFO] org.apache.felix.eventadmin-1.3.2.jar already exists in destination.
[INFO] org.springframework.jms-3.1.2.RELEASE.jar already exists in destination.
[INFO] com.springsource.org.aspectj.weaver-1.6.12.RELEASE.jar already exists in destination.
[INFO] com.springsource.com.fasterxml.jackson.core.jackson-databind-2.0.2.jar already exists in destination.
[INFO] org.springframework.context-3.1.2.RELEASE.jar already exists in destination.
[INFO] org.motechproject.org.apache.commons.configuration-1.8-r027.jar already exists in destination.
[INFO] org.springframework.jdbc-3.1.2.RELEASE.jar already exists in destination.
[INFO] paranamer-2.6.jar already exists in destination.
[INFO] datanucleus-api-jpa-3.3.6.jar already exists in destination.
[INFO] motech-platform-event-0.24-SNAPSHOT.jar already exists in destination.
[INFO] org.osgi.compendium-5.0.0.jar already exists in destination.
[INFO] spring-integration-jms-2.1.0.RELEASE.jar already exists in destination.
[INFO] com.springsource.org.apache.commons.beanutils-1.8.3.jar already exists in destination.
[INFO] ops4j-base-util-collections-1.4.0.jar already exists in destination.
[INFO] com.springsource.javax.ejb-3.0.0.jar already exists in destination.
[INFO] plexus-container-default-1.5.5.jar already exists in destination.
[INFO] motech-platform-commons-api-0.24-SNAPSHOT.jar already exists in destination.
[INFO] spring-amqp-1.3.3.RELEASE.jar already exists in destination.
[INFO] pax-url-aether-1.6.0.jar already exists in destination.
[INFO] aether-spi-1.13.1.jar already exists in destination.
[INFO] postgresql-9.1-901.jdbc4.jar already exists in destination.
[INFO] org.apache.servicemix.bundles.ant-1.8.1_1.jar already exists in destination.
[INFO] ops4j-base-util-property-1.4.0.jar already exists in destination.
[INFO] com.springsource.com.mchange.v2.c3p0-0.9.1.jar already exists in destination.
[INFO] motech-c3p0-fragment-bundle-0.16-r027.jar already exists in destination.
[INFO] spring-osgi-core-1.2.1.jar already exists in destination.
[INFO] com.springsource.org.hibernate-3.6.0.Final-r027.jar already exists in destination.
[INFO] motech-platform-commons-date-0.24-SNAPSHOT.jar already exists in destination.
[INFO] xmlpull-1.1.3.1.jar already exists in destination.
[INFO] motech-platform-dataservices-0.24-SNAPSHOT.jar already exists in destination.
[INFO] xpp3_min-1.1.4c.jar already exists in destination.
[INFO] com.springsource.org.apache.commons.lang-2.6.0.jar already exists in destination.
[INFO] quartz-2.0.0.jar already exists in destination.
[INFO] org.apache.servicemix.bundles.xpp3-1.1.4c_7.jar already exists in destination.
[INFO] com.springsource.org.objenesis-1.2.0.jar already exists in destination.
[INFO] com.springsource.org.apache.commons.codec-1.6.0.jar already exists in destination.
[INFO] motech-scheduler-0.24-SNAPSHOT.jar already exists in destination.
[INFO] org.springframework.security.core-3.1.2.RELEASE.jar already exists in destination.
[INFO] datanucleus-rdbms-3.2.12.jar already exists in destination.
[INFO] motech-platform-config-core-0.24-SNAPSHOT.jar already exists in destination.
[INFO] kahadb-5.4.2.jar already exists in destination.
[INFO] org.apache.servicemix.bundles.jopt-simple-4.6_1.jar already exists in destination.
[INFO] org.motechproject.org.springframework.retry-1.1.0.RELEASE-r027.jar already exists in destination.
[INFO] org.springframework.core-3.1.2.RELEASE.jar already exists in destination.
[INFO] org.apache.servicemix.bundles.paranamer-2.6_1.jar already exists in destination.
[INFO] pax-url-maven-commons-1.6.0.jar already exists in destination.
[INFO] org.springframework.web.servlet-3.1.2.RELEASE.jar already exists in destination.
[INFO] jsoup-1.6.1.jar already exists in destination.
[INFO] com.springsource.org.apache.commons.vfs-1.0.0.jar already exists in destination.
[INFO] lambdaj-2.3.3.jar already exists in destination.
[INFO] org.springframework.orm-3.1.2.RELEASE.jar already exists in destination.
[INFO] aether-api-1.13.1.jar already exists in destination.
[INFO] com.springsource.org.objectweb.asm.commons-2.2.3.jar already exists in destination.
[INFO] spring-integration-core-2.1.0.RELEASE.jar already exists in destination.
[INFO] org.motechproject.org.codehaus.jackson-1.9.7-r027.jar already exists in destination.
[INFO] com.springsource.javax.activation-1.1.1.jar already exists in destination.
[INFO] com.springsource.com.ibatis-2.3.4.726.jar already exists in destination.
[INFO] jdo-api-3.0.1.jar already exists in destination.
[INFO] objenesis-1.2.jar already exists in destination.
[INFO] org.eclipse.gemini.blueprint.core-1.0.2.RELEASE.jar already exists in destination.
[INFO] aether-util-1.13.1.jar already exists in destination.
[INFO] motech-platform-server-config-0.24-SNAPSHOT.jar already exists in destination.
[INFO] javax.batch-api-1.0.jar already exists in destination.
[INFO] org.springframework.asm-3.1.2.RELEASE.jar already exists in destination.
[INFO] org.eclipse.gemini.blueprint.extender-1.0.2.RELEASE.jar already exists in destination.
[INFO] motech-platform-osgi-web-util-0.24-SNAPSHOT.jar already exists in destination.
[INFO] com.springsource.org.apache.httpcomponents.httpclient-4.1.1.jar already exists in destination.
[INFO] xbean-reflect-3.4.jar already exists in destination.
[INFO] com.springsource.org.dom4j-1.6.1.jar already exists in destination.
[INFO] com.springsource.org.aspectj.runtime-1.6.8.RELEASE.jar already exists in destination.
[INFO] antlr-2.7.7.jar already exists in destination.
[INFO] maven-model-builder-3.0.4.jar already exists in destination.
[INFO] org.springframework.transaction-3.1.2.RELEASE.jar already exists in destination.
[INFO] pax-url-commons-1.6.0.jar already exists in destination.
[INFO] gemfire-7.0.1.jar already exists in destination.
[INFO] time-api-0.6.3.jar already exists in destination.
[INFO] paranamer-2.6-sources.jar already exists in destination.
[INFO] aopalliance-1.0.jar already exists in destination.
[INFO] org.motechproject.org.ektorp-1.3.0-r027.jar already exists in destination.
[INFO] org.motechproject.org.quartz-scheduler-2.1.5-r027.jar already exists in destination.
[INFO] jopt-simple-4.6-sources.jar already exists in destination.
[INFO] jta-1.1.jar already exists in destination.
[INFO] org.motechproject.org.springframework.batch.infrastructure-3.0.0.M3-r027.jar already exists in destination.
[INFO] spring-aop-4.0.3.RELEASE.jar already exists in destination.
[INFO] plexus-interpolation-1.14.jar already exists in destination.
[INFO] org.springframework.security.web-3.1.2.RELEASE.jar already exists in destination.
[INFO] com.springsource.org.objectweb.howl-1.0.2.jar already exists in destination.
[INFO] com.springsource.com.fasterxml.jackson.core.jackson-core-2.0.2.jar already exists in destination.
[INFO] com.springsource.slf4j.org.apache.commons.logging-1.6.1.jar already exists in destination.
[INFO] org.motechproject.com.googlecode.lambdaj-2.3.3-r027.jar already exists in destination.
[INFO] com.springsource.com.fasterxml.jackson.core.jackson-annotations-2.0.2.jar already exists in destination.
[INFO] datanucleus-jodatime-3.2.1.jar already exists in destination.
[INFO] org.springframework.web-3.1.2.RELEASE.jar already exists in destination.
[INFO] cglib-nodep-2.2.jar already exists in destination.
[INFO] spring-beans-4.0.3.RELEASE.jar already exists in destination.
[INFO] org.apache.servicemix.bundles.javax-inject-1_2.jar already exists in destination.
[INFO] com.ibm.jbatch-tck-spi-1.0.jar already exists in destination.
[INFO] org.motechproject.reflections-0.9.5-r027.jar already exists in destination.
[INFO] datanucleus-api-jdo-3.2.7.jar already exists in destination.
[INFO] com.springsource.javax.xml.soap-1.3.0.jar already exists in destination.
[INFO] quartz-couchdb-store-bundle-0.9.4-r027.jar already exists in destination.
[INFO] org.motechproject.guava-0.8.0-r027.jar already exists in destination.
[INFO] ops4j-base-lang-1.4.0.jar already exists in destination.
[INFO] motech-platform-server-api-0.24-SNAPSHOT.jar already exists in destination.
[INFO] reflections-0.9.5.jar already exists in destination.
[INFO] com.springsource.org.apache.commons.collections-3.2.1.jar already exists in destination.
[INFO] com.springsource.javax.transaction-1.1.0.jar already exists in destination.
[INFO] flyway-core-2.3.1.jar already exists in destination.
[INFO] ops4j-base-util-xml-1.4.0.jar already exists in destination.
[INFO] com.springsource.org.apache.log4j-1.2.16.jar already exists in destination.
[INFO] com.springsource.slf4j.log4j-1.6.1.jar already exists in destination.
[INFO] pax-swissbox-property-1.7.0.jar already exists in destination.
[INFO] com.springsource.org.apache.commons.pool-1.3.0.jar already exists in destination.
[INFO] com.springsource.org.apache.commons.fileupload-1.2.1.jar already exists in destination.
[INFO] org.eclipse.gemini.blueprint.io-1.0.2.RELEASE.jar already exists in destination.
[INFO] plexus-component-annotations-1.5.5.jar already exists in destination.
[INFO] mongo-java-driver-2.12.2.jar already exists in destination.
[INFO] org.springframework.beans-3.1.2.RELEASE.jar already exists in destination.
[INFO] spring-context-4.0.3.RELEASE.jar already exists in destination.
[INFO] com.springsource.javax.xml.rpc-1.1.0.jar already exists in destination.
[INFO] wagon-file-1.0.jar already exists in destination.
[INFO] wagon-http-lightweight-1.0.jar already exists in destination.
[INFO] motech-platform-dataservices-migration-0.24-SNAPSHOT.jar already exists in destination.
[INFO] c3p0-0.9.1.1.jar already exists in destination.
[INFO] 
[INFO] --- maven-resources-plugin:2.6:resources (default-resources) @ motech-platform-batch ---
[INFO] Using 'UTF-8' encoding to copy filtered resources.
[INFO] Copying 8 resources
[INFO] 
[INFO] --- maven-compiler-plugin:3.0:compile (default-compile) @ motech-platform-batch ---
[INFO] Changes detected - recompiling the module!
[INFO] Compiling 31 source files to /home/naveen/Desktop/work/branch-dev-batch/modules/batch/target/classes
[INFO] 
[INFO] >>> maven-pmd-plugin:2.7.1:check (default) @ motech-platform-batch >>>
[INFO] 
[INFO] --- maven-pmd-plugin:2.7.1:pmd (pmd) @ motech-platform-batch ---
[INFO] 
[INFO] <<< maven-pmd-plugin:2.7.1:check (default) @ motech-platform-batch <<<
[INFO] 
[INFO] --- maven-pmd-plugin:2.7.1:check (default) @ motech-platform-batch ---
[INFO] 
[INFO] 
[INFO] >>> maven-pmd-plugin:2.7.1:cpd-check (default) @ motech-platform-batch >>>
[INFO] 
[INFO] --- maven-pmd-plugin:2.7.1:cpd (cpd) @ motech-platform-batch ---
[INFO] 
[INFO] <<< maven-pmd-plugin:2.7.1:cpd-check (default) @ motech-platform-batch <<<
[INFO] 
[INFO] --- maven-pmd-plugin:2.7.1:cpd-check (default) @ motech-platform-batch ---
[INFO] 
[INFO] 
[INFO] --- maven-checkstyle-plugin:2.10:check (default) @ motech-platform-batch ---
[INFO] Starting audit...
Audit done.

[INFO] 
[INFO] --- maven-resources-plugin:2.6:testResources (default-testResources) @ motech-platform-batch ---
[INFO] Using 'UTF-8' encoding to copy filtered resources.
[INFO] skip non existing resourceDirectory /home/naveen/Desktop/work/branch-dev-batch/modules/batch/src/test/resources
[INFO] 
[INFO] --- maven-compiler-plugin:3.0:testCompile (default-testCompile) @ motech-platform-batch ---
[INFO] Changes detected - recompiling the module!
[INFO] Compiling 7 source files to /home/naveen/Desktop/work/branch-dev-batch/modules/batch/target/test-classes
[INFO] 
[INFO] --- maven-surefire-plugin:2.17:test (default-test) @ motech-platform-batch ---
[INFO] Surefire report directory: /home/naveen/Desktop/work/branch-dev-batch/modules/batch/target/surefire-reports
[INFO] Using configured provider org.apache.maven.surefire.junitcore.JUnitCoreProvider
[INFO] parallel='none', perCoreThreadCount=true, threadCount=0, useUnlimitedThreads=false, threadCountSuites=0, threadCountClasses=0, threadCountMethods=0, parallelOptimized=true

-------------------------------------------------------
 T E S T S
-------------------------------------------------------
Running org.motechproject.batch.web.BatchControllerTest
2014-07-08 14:57:48,780 ERROR [org.motechproject.batch.web.BatchController] Error occured while processing request to get job history
2014-07-08 14:57:48,782 ERROR [org.motechproject.batch.web.BatchController] Error occured while processing request to get execution history for job null
2014-07-08 14:57:48,831 ERROR [org.motechproject.batch.web.BatchController] Error occured while processing request to trigger job 
2014-07-08 14:57:48,924 ERROR [org.motechproject.batch.web.BatchController] Error occured while processing request to trigger job null
2014-07-08 14:57:48,943 ERROR [org.motechproject.batch.web.BatchController] Error occured while processing request to get job history
2014-07-08 14:57:48,943 ERROR [org.motechproject.batch.web.BatchController] Error occured while processing request to get execution history for job 
Tests run: 12, Failures: 0, Errors: 0, Skipped: 0, Time elapsed: 0.257 sec - in org.motechproject.batch.web.BatchControllerTest
Running org.motechproject.batch.service.impl.JobServiceImplTest
log4j:ERROR A "org.apache.log4j.xml.DOMConfigurator" object is not assignable to a "org.apache.log4j.spi.Configurator" variable.
log4j:ERROR The class "org.apache.log4j.spi.Configurator" was loaded by 
log4j:ERROR [org.powermock.core.classloader.MockClassLoader@13c2797] whereas object of type 
log4j:ERROR "org.apache.log4j.xml.DOMConfigurator" was loaded by [sun.misc.Launcher$AppClassLoader@c5c32e].
log4j:ERROR Could not instantiate configurator [org.apache.log4j.xml.DOMConfigurator].
Tests run: 5, Failures: 0, Errors: 0, Skipped: 0, Time elapsed: 0.344 sec - in org.motechproject.batch.service.impl.JobServiceImplTest
Running org.motechproject.batch.service.impl.JobTriggerServiceImplTest
log4j:WARN No appenders could be found for logger (org.motechproject.batch.service.impl.JobTriggerServiceImpl).
log4j:WARN Please initialize the log4j system properly.
log4j:WARN See http://logging.apache.org/log4j/1.2/faq.html#noconfig for more info.
Tests run: 3, Failures: 0, Errors: 0, Skipped: 1, Time elapsed: 0.141 sec - in org.motechproject.batch.service.impl.JobTriggerServiceImplTest
Running org.motechproject.batch.validation.BatchValidatorTest
Tests run: 15, Failures: 0, Errors: 0, Skipped: 0, Time elapsed: 0.02 sec - in org.motechproject.batch.validation.BatchValidatorTest

Results :

Tests run: 35, Failures: 0, Errors: 0, Skipped: 1

[INFO] 
[INFO] --- maven-bundle-plugin:2.3.4:bundle (default-bundle) @ motech-platform-batch ---
[WARNING] Warning building bundle org.motechproject:motech-platform-batch:bundle:0.24-SNAPSHOT : Did not find matching referal for !com.googlecode.jtype
[WARNING] Warning building bundle org.motechproject:motech-platform-batch:bundle:0.24-SNAPSHOT : Did not find matching referal for org.springframework.batch.*
[WARNING] Warning building bundle org.motechproject:motech-platform-batch:bundle:0.24-SNAPSHOT : Did not find matching referal for org.springframework.batch.core.*
[INFO] 
[INFO] --- maven-resources-plugin:2.6:copy-resources (copy-bundles) @ motech-platform-batch ---
[INFO] Using 'UTF-8' encoding to copy filtered resources.
[INFO] Copying 1 resource
[INFO] 
[INFO] --- maven-resources-plugin:2.6:copy-resources (copy-test-config-files) @ motech-platform-batch ---
[INFO] Using 'UTF-8' encoding to copy filtered resources.
[INFO] skip non existing resourceDirectory /home/naveen/Desktop/work/branch-dev-batch/modules/batch/src/test/resources
[INFO] 
[INFO] --- sql-maven-plugin:1.5:execute (drop-db) @ motech-platform-batch ---
[INFO] Executing commands
[INFO] 1 of 1 SQL statements executed successfully
[INFO] 
[INFO] --- sql-maven-plugin:1.5:execute (create-db) @ motech-platform-batch ---
[INFO] Executing commands
[INFO] 1 of 1 SQL statements executed successfully
[INFO] 
[INFO] --- maven-failsafe-plugin:2.17:integration-test (integration-test) @ motech-platform-batch ---
[INFO] Failsafe report directory: /home/naveen/Desktop/work/branch-dev-batch/modules/batch/target/failsafe-reports

-------------------------------------------------------
 T E S T S
-------------------------------------------------------

-------------------------------------------------------
 T E S T S
-------------------------------------------------------
Running org.motechproject.batch.mds.service.it.BatchJobMDSServiceIT
2014-07-08 14:57:55,660 ERROR [org.motechproject.server.osgi.PlatformActivator] Error while starting bundle org.motechproject.org.springframework.batch.core
org.osgi.framework.BundleException: Unresolved constraint in bundle org.motechproject.org.springframework.batch.core [25]: Unable to resolve 25.0: missing requirement [25.0] osgi.wiring.package; (&(osgi.wiring.package=org.springframework.batch.item)(version>=3.0.0)(!(version>=4.0.0))) [caused by: Unable to resolve 82.0: missing requirement [82.0] osgi.wiring.package; (osgi.wiring.package=javax.mail.internet)]
	at org.apache.felix.framework.Felix.resolveBundleRevision(Felix.java:3974)
	at org.apache.felix.framework.Felix.startBundle(Felix.java:2037)
	at org.apache.felix.framework.BundleImpl.start(BundleImpl.java:955)
	at org.apache.felix.framework.BundleImpl.start(BundleImpl.java:942)
	at org.motechproject.server.osgi.PlatformActivator.startBundle(PlatformActivator.java:204)
	at org.motechproject.server.osgi.PlatformActivator.startBundles(PlatformActivator.java:191)
	at org.motechproject.server.osgi.PlatformActivator.start(PlatformActivator.java:59)
	at org.apache.felix.framework.util.SecureAction.startActivator(SecureAction.java:645)
	at org.apache.felix.framework.Felix.activateBundle(Felix.java:2146)
	at org.apache.felix.framework.Felix.startBundle(Felix.java:2064)
	at org.apache.felix.framework.Felix.setActiveStartLevel(Felix.java:1291)
	at org.apache.felix.framework.FrameworkStartLevelImpl.run(FrameworkStartLevelImpl.java:304)
	at java.lang.Thread.run(Thread.java:745)
2014-07-08 14:57:56,717 ERROR [org.motechproject.server.osgi.PlatformActivator] Error while starting bundle org.motechproject.org.springframework.batch.infrastructure
org.osgi.framework.BundleException: Unresolved constraint in bundle org.motechproject.org.springframework.batch.infrastructure [82]: Unable to resolve 82.0: missing requirement [82.0] osgi.wiring.package; (osgi.wiring.package=javax.mail.internet)
	at org.apache.felix.framework.Felix.resolveBundleRevision(Felix.java:3974)
	at org.apache.felix.framework.Felix.startBundle(Felix.java:2037)
	at org.apache.felix.framework.BundleImpl.start(BundleImpl.java:955)
	at org.apache.felix.framework.BundleImpl.start(BundleImpl.java:942)
	at org.motechproject.server.osgi.PlatformActivator.startBundle(PlatformActivator.java:204)
	at org.motechproject.server.osgi.PlatformActivator.startBundles(PlatformActivator.java:191)
	at org.motechproject.server.osgi.PlatformActivator.start(PlatformActivator.java:59)
	at org.apache.felix.framework.util.SecureAction.startActivator(SecureAction.java:645)
	at org.apache.felix.framework.Felix.activateBundle(Felix.java:2146)
	at org.apache.felix.framework.Felix.startBundle(Felix.java:2064)
	at org.apache.felix.framework.Felix.setActiveStartLevel(Felix.java:1291)
	at org.apache.felix.framework.FrameworkStartLevelImpl.run(FrameworkStartLevelImpl.java:304)
	at java.lang.Thread.run(Thread.java:745)
[INFO] Started jetty 6.1.x at port(s) HTTP:8181
2014-07-08 14:57:57,648 ERROR [org.motechproject.server.osgi.PlatformActivator] Error while starting bundle org.motechproject.motech-platform-dataservices
org.osgi.framework.BundleException: Unresolved constraint in bundle org.motechproject.motech-platform-dataservices [149]: Unable to resolve 149.0: missing requirement [149.0] osgi.wiring.package; (&(osgi.wiring.package=org.apache.velocity.app)(version>=1.6.0)(!(version>=2.0.0)))
	at org.apache.felix.framework.Felix.resolveBundleRevision(Felix.java:3974)
	at org.apache.felix.framework.Felix.startBundle(Felix.java:2037)
	at org.apache.felix.framework.BundleImpl.start(BundleImpl.java:955)
	at org.apache.felix.framework.BundleImpl.start(BundleImpl.java:942)
	at org.motechproject.server.osgi.PlatformActivator.startBundle(PlatformActivator.java:204)
	at org.motechproject.server.osgi.PlatformActivator.startBundles(PlatformActivator.java:191)
	at org.motechproject.server.osgi.PlatformActivator.start(PlatformActivator.java:68)
	at org.apache.felix.framework.util.SecureAction.startActivator(SecureAction.java:645)
	at org.apache.felix.framework.Felix.activateBundle(Felix.java:2146)
	at org.apache.felix.framework.Felix.startBundle(Felix.java:2064)
	at org.apache.felix.framework.Felix.setActiveStartLevel(Felix.java:1291)
	at org.apache.felix.framework.FrameworkStartLevelImpl.run(FrameworkStartLevelImpl.java:304)
	at java.lang.Thread.run(Thread.java:745)
ERROR: Bundle org.motechproject.motech-platform-dataservices [149] Error starting mvn:org.motechproject/motech-platform-dataservices/0.24-SNAPSHOT (org.osgi.framework.BundleException: Unresolved constraint in bundle org.motechproject.motech-platform-dataservices [149]: Unable to resolve 149.0: missing requirement [149.0] osgi.wiring.package; (&(osgi.wiring.package=org.apache.velocity.app)(version>=1.6.0)(!(version>=2.0.0))))
org.osgi.framework.BundleException: Unresolved constraint in bundle org.motechproject.motech-platform-dataservices [149]: Unable to resolve 149.0: missing requirement [149.0] osgi.wiring.package; (&(osgi.wiring.package=org.apache.velocity.app)(version>=1.6.0)(!(version>=2.0.0)))
	at org.apache.felix.framework.Felix.resolveBundleRevision(Felix.java:3974)
	at org.apache.felix.framework.Felix.startBundle(Felix.java:2037)
	at org.apache.felix.framework.Felix.setActiveStartLevel(Felix.java:1291)
	at org.apache.felix.framework.FrameworkStartLevelImpl.run(FrameworkStartLevelImpl.java:304)
	at java.lang.Thread.run(Thread.java:745)
2014-07-08 14:57:57,672 ERROR [org.ops4j.pax.exam.nat.internal.NativeTestContainer] Bundle [org.motechproject.motech-platform-batch [13]] is not resolved
2014-07-08 14:57:57,672 ERROR [org.ops4j.pax.exam.nat.internal.NativeTestContainer] Bundle [com.springsource.org.hamcrest [23]] is not resolved
2014-07-08 14:57:57,672 ERROR [org.ops4j.pax.exam.nat.internal.NativeTestContainer] Bundle [org.motechproject.org.springframework.batch.core [25]] is not resolved
2014-07-08 14:57:57,672 ERROR [org.ops4j.pax.exam.nat.internal.NativeTestContainer] Bundle [org.motechproject.motech-scheduler [54]] is not resolved
2014-07-08 14:57:57,672 ERROR [org.ops4j.pax.exam.nat.internal.NativeTestContainer] Bundle [org.motechproject.org.springframework.batch.infrastructure [82]] is not resolved
2014-07-08 14:57:57,672 ERROR [org.ops4j.pax.exam.nat.internal.NativeTestContainer] Bundle [org.motechproject.motech-platform-event [133]] is not resolved
2014-07-08 14:57:57,672 ERROR [org.ops4j.pax.exam.nat.internal.NativeTestContainer] Bundle [org.motechproject.motech-platform-dataservices [149]] is not resolved
2014-07-08 14:57:57,672 ERROR [org.ops4j.pax.exam.nat.internal.NativeTestContainer] Bundle [org.motechproject.motech-platform-server-config [161]] is not resolved
2014-07-08 14:57:58,673 ERROR [org.motechproject.osgi.web.Log4JBundleLoader] Failed loading loggers configuration from database
[INFO] Initializing Spring FrameworkServlet 'servlet_1'
[INFO] Initialized servlet for org.motechproject.motech-platform-osgi-web-util [163]
Tests run: 1, Failures: 0, Errors: 1, Skipped: 0, Time elapsed: 306.199 sec <<< FAILURE! - in org.motechproject.batch.mds.service.it.BatchJobMDSServiceIT
testBatchJob(org.motechproject.batch.mds.service.it.BatchJobMDSServiceIT)  Time elapsed: 300.097 sec  <<< ERROR!
java.lang.ClassNotFoundException: org.motechproject.batch.mds.service.BatchJobMDSService not found by PAXEXAM-PROBE-4bd72843-ab96-4996-aa77-1e185f1992a9 [196]
	at org.apache.felix.framework.BundleWiringImpl.findClassOrResourceByDelegation(BundleWiringImpl.java:1532)
	at org.apache.felix.framework.BundleWiringImpl.access$400(BundleWiringImpl.java:75)
	at org.apache.felix.framework.BundleWiringImpl$BundleClassLoader.loadClass(BundleWiringImpl.java:1955)
	at java.lang.ClassLoader.loadClass(ClassLoader.java:358)
	at java.lang.Class.getDeclaredFields0(Native Method)
	at java.lang.Class.privateGetDeclaredFields(Class.java:2436)
	at java.lang.Class.getDeclaredFields(Class.java:1806)
	at org.junit.runners.model.TestClass.<init>(TestClass.java:49)
	at org.junit.runners.ParentRunner.<init>(ParentRunner.java:75)
	at org.junit.runners.BlockJUnit4ClassRunner.<init>(BlockJUnit4ClassRunner.java:57)
	at org.ops4j.pax.exam.invoker.junit.internal.ContainerTestRunner.<init>(ContainerTestRunner.java:53)
	at org.ops4j.pax.exam.invoker.junit.internal.ContainerTestRunnerBuilder.runnerForClass(ContainerTestRunnerBuilder.java:50)
	at org.junit.runners.model.RunnerBuilder.safeRunnerForClass(RunnerBuilder.java:59)
	at org.ops4j.pax.exam.invoker.junit.internal.ContainerTestRunnerClassRequest.getRunner(ContainerTestRunnerClassRequest.java:61)
	at org.junit.internal.requests.FilterRequest.getRunner(FilterRequest.java:31)
	at org.junit.runner.JUnitCore.run(JUnitCore.java:138)
	at org.ops4j.pax.exam.invoker.junit.internal.JUnitProbeInvoker.invokeViaJUnit(JUnitProbeInvoker.java:125)
	at org.ops4j.pax.exam.invoker.junit.internal.JUnitProbeInvoker.findAndInvoke(JUnitProbeInvoker.java:98)
	at org.ops4j.pax.exam.invoker.junit.internal.JUnitProbeInvoker.call(JUnitProbeInvoker.java:74)
	at org.ops4j.pax.exam.nat.internal.NativeTestContainer.call(NativeTestContainer.java:108)
	at org.motechproject.testing.osgi.container.MotechNativeTestContainer.call(MotechNativeTestContainer.java:95)
	at org.ops4j.pax.exam.spi.reactors.SingletonStagedReactor.invoke(SingletonStagedReactor.java:113)
	at org.ops4j.pax.exam.spi.reactors.PerSuiteStagedReactor.invoke(PerSuiteStagedReactor.java:47)
	at org.ops4j.pax.exam.junit.impl.ProbeRunner$2.evaluate(ProbeRunner.java:278)
	at org.junit.runners.ParentRunner.runLeaf(ParentRunner.java:271)
	at org.junit.runners.BlockJUnit4ClassRunner.runChild(BlockJUnit4ClassRunner.java:70)
	at org.junit.runners.BlockJUnit4ClassRunner.runChild(BlockJUnit4ClassRunner.java:50)
	at org.junit.runners.ParentRunner$3.run(ParentRunner.java:238)
	at org.junit.runners.ParentRunner$1.schedule(ParentRunner.java:63)
	at org.junit.runners.ParentRunner.runChildren(ParentRunner.java:236)
	at org.junit.runners.ParentRunner.access$000(ParentRunner.java:53)
	at org.junit.runners.ParentRunner$2.evaluate(ParentRunner.java:229)
	at org.junit.runners.ParentRunner.run(ParentRunner.java:309)
	at org.ops4j.pax.exam.junit.impl.ProbeRunner.run(ProbeRunner.java:112)
	at org.ops4j.pax.exam.junit.PaxExam.run(PaxExam.java:93)
	at org.apache.maven.surefire.junit4.JUnit4Provider.execute(JUnit4Provider.java:264)
	at org.apache.maven.surefire.junit4.JUnit4Provider.executeTestSet(JUnit4Provider.java:153)
	at org.apache.maven.surefire.junit4.JUnit4Provider.invoke(JUnit4Provider.java:124)
	at org.apache.maven.surefire.booter.ForkedBooter.invokeProviderInSameClassLoader(ForkedBooter.java:200)
	at org.apache.maven.surefire.booter.ForkedBooter.runSuitesInProcess(ForkedBooter.java:153)
	at org.apache.maven.surefire.booter.ForkedBooter.main(ForkedBooter.java:103)

Running org.motechproject.batch.mds.service.it.BatchJobParameterMDSServiceIT
2014-07-08 15:03:01,330 ERROR [org.motechproject.server.osgi.PlatformActivator] Error while starting bundle org.motechproject.org.springframework.batch.core
org.osgi.framework.BundleException: Unresolved constraint in bundle org.motechproject.org.springframework.batch.core [25]: Unable to resolve 25.0: missing requirement [25.0] osgi.wiring.package; (&(osgi.wiring.package=org.springframework.batch.item)(version>=3.0.0)(!(version>=4.0.0))) [caused by: Unable to resolve 82.0: missing requirement [82.0] osgi.wiring.package; (osgi.wiring.package=javax.mail.internet)]
	at org.apache.felix.framework.Felix.resolveBundleRevision(Felix.java:3974)
	at org.apache.felix.framework.Felix.startBundle(Felix.java:2037)
	at org.apache.felix.framework.BundleImpl.start(BundleImpl.java:955)
	at org.apache.felix.framework.BundleImpl.start(BundleImpl.java:942)
	at org.motechproject.server.osgi.PlatformActivator.startBundle(PlatformActivator.java:204)
	at org.motechproject.server.osgi.PlatformActivator.startBundles(PlatformActivator.java:191)
	at org.motechproject.server.osgi.PlatformActivator.start(PlatformActivator.java:59)
	at org.apache.felix.framework.util.SecureAction.startActivator(SecureAction.java:645)
	at org.apache.felix.framework.Felix.activateBundle(Felix.java:2146)
	at org.apache.felix.framework.Felix.startBundle(Felix.java:2064)
	at org.apache.felix.framework.Felix.setActiveStartLevel(Felix.java:1291)
	at org.apache.felix.framework.FrameworkStartLevelImpl.run(FrameworkStartLevelImpl.java:304)
	at java.lang.Thread.run(Thread.java:745)
2014-07-08 15:03:02,309 ERROR [org.motechproject.server.osgi.PlatformActivator] Error while starting bundle org.motechproject.org.springframework.batch.infrastructure
org.osgi.framework.BundleException: Unresolved constraint in bundle org.motechproject.org.springframework.batch.infrastructure [82]: Unable to resolve 82.0: missing requirement [82.0] osgi.wiring.package; (osgi.wiring.package=javax.mail.internet)
	at org.apache.felix.framework.Felix.resolveBundleRevision(Felix.java:3974)
	at org.apache.felix.framework.Felix.startBundle(Felix.java:2037)
	at org.apache.felix.framework.BundleImpl.start(BundleImpl.java:955)
	at org.apache.felix.framework.BundleImpl.start(BundleImpl.java:942)
	at org.motechproject.server.osgi.PlatformActivator.startBundle(PlatformActivator.java:204)
	at org.motechproject.server.osgi.PlatformActivator.startBundles(PlatformActivator.java:191)
	at org.motechproject.server.osgi.PlatformActivator.start(PlatformActivator.java:59)
	at org.apache.felix.framework.util.SecureAction.startActivator(SecureAction.java:645)
	at org.apache.felix.framework.Felix.activateBundle(Felix.java:2146)
	at org.apache.felix.framework.Felix.startBundle(Felix.java:2064)
	at org.apache.felix.framework.Felix.setActiveStartLevel(Felix.java:1291)
	at org.apache.felix.framework.FrameworkStartLevelImpl.run(FrameworkStartLevelImpl.java:304)
	at java.lang.Thread.run(Thread.java:745)
[INFO] Started jetty 6.1.x at port(s) HTTP:8181
2014-07-08 15:03:03,204 ERROR [org.motechproject.server.osgi.PlatformActivator] Error while starting bundle org.motechproject.motech-platform-dataservices
org.osgi.framework.BundleException: Unresolved constraint in bundle org.motechproject.motech-platform-dataservices [149]: Unable to resolve 149.0: missing requirement [149.0] osgi.wiring.package; (&(osgi.wiring.package=org.apache.velocity.app)(version>=1.6.0)(!(version>=2.0.0)))
	at org.apache.felix.framework.Felix.resolveBundleRevision(Felix.java:3974)
	at org.apache.felix.framework.Felix.startBundle(Felix.java:2037)
	at org.apache.felix.framework.BundleImpl.start(BundleImpl.java:955)
	at org.apache.felix.framework.BundleImpl.start(BundleImpl.java:942)
	at org.motechproject.server.osgi.PlatformActivator.startBundle(PlatformActivator.java:204)
	at org.motechproject.server.osgi.PlatformActivator.startBundles(PlatformActivator.java:191)
	at org.motechproject.server.osgi.PlatformActivator.start(PlatformActivator.java:68)
	at org.apache.felix.framework.util.SecureAction.startActivator(SecureAction.java:645)
	at org.apache.felix.framework.Felix.activateBundle(Felix.java:2146)
	at org.apache.felix.framework.Felix.startBundle(Felix.java:2064)
	at org.apache.felix.framework.Felix.setActiveStartLevel(Felix.java:1291)
	at org.apache.felix.framework.FrameworkStartLevelImpl.run(FrameworkStartLevelImpl.java:304)
	at java.lang.Thread.run(Thread.java:745)
ERROR: Bundle org.motechproject.motech-platform-dataservices [149] Error starting mvn:org.motechproject/motech-platform-dataservices/0.24-SNAPSHOT (org.osgi.framework.BundleException: Unresolved constraint in bundle org.motechproject.motech-platform-dataservices [149]: Unable to resolve 149.0: missing requirement [149.0] osgi.wiring.package; (&(osgi.wiring.package=org.apache.velocity.app)(version>=1.6.0)(!(version>=2.0.0))))
org.osgi.framework.BundleException: Unresolved constraint in bundle org.motechproject.motech-platform-dataservices [149]: Unable to resolve 149.0: missing requirement [149.0] osgi.wiring.package; (&(osgi.wiring.package=org.apache.velocity.app)(version>=1.6.0)(!(version>=2.0.0)))
	at org.apache.felix.framework.Felix.resolveBundleRevision(Felix.java:3974)
	at org.apache.felix.framework.Felix.startBundle(Felix.java:2037)
	at org.apache.felix.framework.Felix.setActiveStartLevel(Felix.java:1291)
	at org.apache.felix.framework.FrameworkStartLevelImpl.run(FrameworkStartLevelImpl.java:304)
	at java.lang.Thread.run(Thread.java:745)
2014-07-08 15:03:03,237 ERROR [org.ops4j.pax.exam.nat.internal.NativeTestContainer] Bundle [org.motechproject.motech-platform-batch [13]] is not resolved
2014-07-08 15:03:03,237 ERROR [org.ops4j.pax.exam.nat.internal.NativeTestContainer] Bundle [com.springsource.org.hamcrest [23]] is not resolved
2014-07-08 15:03:03,241 ERROR [org.ops4j.pax.exam.nat.internal.NativeTestContainer] Bundle [org.motechproject.org.springframework.batch.core [25]] is not resolved
2014-07-08 15:03:03,241 ERROR [org.ops4j.pax.exam.nat.internal.NativeTestContainer] Bundle [org.motechproject.motech-scheduler [54]] is not resolved
2014-07-08 15:03:03,241 ERROR [org.ops4j.pax.exam.nat.internal.NativeTestContainer] Bundle [org.motechproject.org.springframework.batch.infrastructure [82]] is not resolved
2014-07-08 15:03:03,241 ERROR [org.ops4j.pax.exam.nat.internal.NativeTestContainer] Bundle [org.motechproject.motech-platform-event [133]] is not resolved
2014-07-08 15:03:03,241 ERROR [org.ops4j.pax.exam.nat.internal.NativeTestContainer] Bundle [org.motechproject.motech-platform-dataservices [149]] is not resolved
2014-07-08 15:03:03,241 ERROR [org.ops4j.pax.exam.nat.internal.NativeTestContainer] Bundle [org.motechproject.motech-platform-server-config [161]] is not resolved
2014-07-08 15:03:04,334 ERROR [org.motechproject.osgi.web.Log4JBundleLoader] Failed loading loggers configuration from database
[INFO] Initializing Spring FrameworkServlet 'servlet_1'
[INFO] Initialized servlet for org.motechproject.motech-platform-osgi-web-util [163]
Tests run: 1, Failures: 0, Errors: 1, Skipped: 0, Time elapsed: 305.252 sec <<< FAILURE! - in org.motechproject.batch.mds.service.it.BatchJobParameterMDSServiceIT
testBatchJobParameters(org.motechproject.batch.mds.service.it.BatchJobParameterMDSServiceIT)  Time elapsed: 300.135 sec  <<< ERROR!
java.lang.ClassNotFoundException: org.motechproject.batch.mds.service.BatchJobParameterMDSService not found by PAXEXAM-PROBE-bb983909-7fc8-407b-a973-b52e7291c6f0 [196]
	at org.apache.felix.framework.BundleWiringImpl.findClassOrResourceByDelegation(BundleWiringImpl.java:1532)
	at org.apache.felix.framework.BundleWiringImpl.access$400(BundleWiringImpl.java:75)
	at org.apache.felix.framework.BundleWiringImpl$BundleClassLoader.loadClass(BundleWiringImpl.java:1955)
	at java.lang.ClassLoader.loadClass(ClassLoader.java:358)
	at java.lang.Class.getDeclaredFields0(Native Method)
	at java.lang.Class.privateGetDeclaredFields(Class.java:2436)
	at java.lang.Class.getDeclaredFields(Class.java:1806)
	at org.junit.runners.model.TestClass.<init>(TestClass.java:49)
	at org.junit.runners.ParentRunner.<init>(ParentRunner.java:75)
	at org.junit.runners.BlockJUnit4ClassRunner.<init>(BlockJUnit4ClassRunner.java:57)
	at org.ops4j.pax.exam.invoker.junit.internal.ContainerTestRunner.<init>(ContainerTestRunner.java:53)
	at org.ops4j.pax.exam.invoker.junit.internal.ContainerTestRunnerBuilder.runnerForClass(ContainerTestRunnerBuilder.java:50)
	at org.junit.runners.model.RunnerBuilder.safeRunnerForClass(RunnerBuilder.java:59)
	at org.ops4j.pax.exam.invoker.junit.internal.ContainerTestRunnerClassRequest.getRunner(ContainerTestRunnerClassRequest.java:61)
	at org.junit.internal.requests.FilterRequest.getRunner(FilterRequest.java:31)
	at org.junit.runner.JUnitCore.run(JUnitCore.java:138)
	at org.ops4j.pax.exam.invoker.junit.internal.JUnitProbeInvoker.invokeViaJUnit(JUnitProbeInvoker.java:125)
	at org.ops4j.pax.exam.invoker.junit.internal.JUnitProbeInvoker.findAndInvoke(JUnitProbeInvoker.java:98)
	at org.ops4j.pax.exam.invoker.junit.internal.JUnitProbeInvoker.call(JUnitProbeInvoker.java:74)
	at org.ops4j.pax.exam.nat.internal.NativeTestContainer.call(NativeTestContainer.java:108)
	at org.motechproject.testing.osgi.container.MotechNativeTestContainer.call(MotechNativeTestContainer.java:95)
	at org.ops4j.pax.exam.spi.reactors.SingletonStagedReactor.invoke(SingletonStagedReactor.java:113)
	at org.ops4j.pax.exam.spi.reactors.PerSuiteStagedReactor.invoke(PerSuiteStagedReactor.java:47)
	at org.ops4j.pax.exam.junit.impl.ProbeRunner$2.evaluate(ProbeRunner.java:278)
	at org.junit.runners.ParentRunner.runLeaf(ParentRunner.java:271)
	at org.junit.runners.BlockJUnit4ClassRunner.runChild(BlockJUnit4ClassRunner.java:70)
	at org.junit.runners.BlockJUnit4ClassRunner.runChild(BlockJUnit4ClassRunner.java:50)
	at org.junit.runners.ParentRunner$3.run(ParentRunner.java:238)
	at org.junit.runners.ParentRunner$1.schedule(ParentRunner.java:63)
	at org.junit.runners.ParentRunner.runChildren(ParentRunner.java:236)
	at org.junit.runners.ParentRunner.access$000(ParentRunner.java:53)
	at org.junit.runners.ParentRunner$2.evaluate(ParentRunner.java:229)
	at org.junit.runners.ParentRunner.run(ParentRunner.java:309)
	at org.ops4j.pax.exam.junit.impl.ProbeRunner.run(ProbeRunner.java:112)
	at org.ops4j.pax.exam.junit.PaxExam.run(PaxExam.java:93)
	at org.apache.maven.surefire.junit4.JUnit4Provider.execute(JUnit4Provider.java:264)
	at org.apache.maven.surefire.junit4.JUnit4Provider.executeTestSet(JUnit4Provider.java:153)
	at org.apache.maven.surefire.junit4.JUnit4Provider.invoke(JUnit4Provider.java:124)
	at org.apache.maven.surefire.booter.ForkedBooter.invokeProviderInSameClassLoader(ForkedBooter.java:200)
	at org.apache.maven.surefire.booter.ForkedBooter.runSuitesInProcess(ForkedBooter.java:153)
	at org.apache.maven.surefire.booter.ForkedBooter.main(ForkedBooter.java:103)

Running org.motechproject.batch.service.impl.it.JobServiceIT
2014-07-08 15:08:07,190 ERROR [org.motechproject.server.osgi.PlatformActivator] Error while starting bundle org.motechproject.org.springframework.batch.core
org.osgi.framework.BundleException: Unresolved constraint in bundle org.motechproject.org.springframework.batch.core [25]: Unable to resolve 25.0: missing requirement [25.0] osgi.wiring.package; (&(osgi.wiring.package=org.springframework.batch.item)(version>=3.0.0)(!(version>=4.0.0))) [caused by: Unable to resolve 82.0: missing requirement [82.0] osgi.wiring.package; (osgi.wiring.package=javax.mail.internet)]
	at org.apache.felix.framework.Felix.resolveBundleRevision(Felix.java:3974)
	at org.apache.felix.framework.Felix.startBundle(Felix.java:2037)
	at org.apache.felix.framework.BundleImpl.start(BundleImpl.java:955)
	at org.apache.felix.framework.BundleImpl.start(BundleImpl.java:942)
	at org.motechproject.server.osgi.PlatformActivator.startBundle(PlatformActivator.java:204)
	at org.motechproject.server.osgi.PlatformActivator.startBundles(PlatformActivator.java:191)
	at org.motechproject.server.osgi.PlatformActivator.start(PlatformActivator.java:59)
	at org.apache.felix.framework.util.SecureAction.startActivator(SecureAction.java:645)
	at org.apache.felix.framework.Felix.activateBundle(Felix.java:2146)
	at org.apache.felix.framework.Felix.startBundle(Felix.java:2064)
	at org.apache.felix.framework.Felix.setActiveStartLevel(Felix.java:1291)
	at org.apache.felix.framework.FrameworkStartLevelImpl.run(FrameworkStartLevelImpl.java:304)
	at java.lang.Thread.run(Thread.java:745)
2014-07-08 15:08:08,247 ERROR [org.motechproject.server.osgi.PlatformActivator] Error while starting bundle org.motechproject.org.springframework.batch.infrastructure
org.osgi.framework.BundleException: Unresolved constraint in bundle org.motechproject.org.springframework.batch.infrastructure [82]: Unable to resolve 82.0: missing requirement [82.0] osgi.wiring.package; (osgi.wiring.package=javax.mail.internet)
	at org.apache.felix.framework.Felix.resolveBundleRevision(Felix.java:3974)
	at org.apache.felix.framework.Felix.startBundle(Felix.java:2037)
	at org.apache.felix.framework.BundleImpl.start(BundleImpl.java:955)
	at org.apache.felix.framework.BundleImpl.start(BundleImpl.java:942)
	at org.motechproject.server.osgi.PlatformActivator.startBundle(PlatformActivator.java:204)
	at org.motechproject.server.osgi.PlatformActivator.startBundles(PlatformActivator.java:191)
	at org.motechproject.server.osgi.PlatformActivator.start(PlatformActivator.java:59)
	at org.apache.felix.framework.util.SecureAction.startActivator(SecureAction.java:645)
	at org.apache.felix.framework.Felix.activateBundle(Felix.java:2146)
	at org.apache.felix.framework.Felix.startBundle(Felix.java:2064)
	at org.apache.felix.framework.Felix.setActiveStartLevel(Felix.java:1291)
	at org.apache.felix.framework.FrameworkStartLevelImpl.run(FrameworkStartLevelImpl.java:304)
	at java.lang.Thread.run(Thread.java:745)
[INFO] Started jetty 6.1.x at port(s) HTTP:8181
2014-07-08 15:08:09,377 ERROR [org.motechproject.server.osgi.PlatformActivator] Error while starting bundle org.motechproject.motech-platform-dataservices
org.osgi.framework.BundleException: Unresolved constraint in bundle org.motechproject.motech-platform-dataservices [149]: Unable to resolve 149.0: missing requirement [149.0] osgi.wiring.package; (&(osgi.wiring.package=org.apache.velocity.app)(version>=1.6.0)(!(version>=2.0.0)))
	at org.apache.felix.framework.Felix.resolveBundleRevision(Felix.java:3974)
	at org.apache.felix.framework.Felix.startBundle(Felix.java:2037)
	at org.apache.felix.framework.BundleImpl.start(BundleImpl.java:955)
	at org.apache.felix.framework.BundleImpl.start(BundleImpl.java:942)
	at org.motechproject.server.osgi.PlatformActivator.startBundle(PlatformActivator.java:204)
	at org.motechproject.server.osgi.PlatformActivator.startBundles(PlatformActivator.java:191)
	at org.motechproject.server.osgi.PlatformActivator.start(PlatformActivator.java:68)
	at org.apache.felix.framework.util.SecureAction.startActivator(SecureAction.java:645)
	at org.apache.felix.framework.Felix.activateBundle(Felix.java:2146)
	at org.apache.felix.framework.Felix.startBundle(Felix.java:2064)
	at org.apache.felix.framework.Felix.setActiveStartLevel(Felix.java:1291)
	at org.apache.felix.framework.FrameworkStartLevelImpl.run(FrameworkStartLevelImpl.java:304)
	at java.lang.Thread.run(Thread.java:745)
ERROR: Bundle org.motechproject.motech-platform-dataservices [149] Error starting mvn:org.motechproject/motech-platform-dataservices/0.24-SNAPSHOT (org.osgi.framework.BundleException: Unresolved constraint in bundle org.motechproject.motech-platform-dataservices [149]: Unable to resolve 149.0: missing requirement [149.0] osgi.wiring.package; (&(osgi.wiring.package=org.apache.velocity.app)(version>=1.6.0)(!(version>=2.0.0))))
org.osgi.framework.BundleException: Unresolved constraint in bundle org.motechproject.motech-platform-dataservices [149]: Unable to resolve 149.0: missing requirement [149.0] osgi.wiring.package; (&(osgi.wiring.package=org.apache.velocity.app)(version>=1.6.0)(!(version>=2.0.0)))
	at org.apache.felix.framework.Felix.resolveBundleRevision(Felix.java:3974)
	at org.apache.felix.framework.Felix.startBundle(Felix.java:2037)
	at org.apache.felix.framework.Felix.setActiveStartLevel(Felix.java:1291)
	at org.apache.felix.framework.FrameworkStartLevelImpl.run(FrameworkStartLevelImpl.java:304)
	at java.lang.Thread.run(Thread.java:745)
2014-07-08 15:08:09,385 ERROR [org.ops4j.pax.exam.nat.internal.NativeTestContainer] Bundle [org.motechproject.motech-platform-batch [13]] is not resolved
2014-07-08 15:08:09,385 ERROR [org.ops4j.pax.exam.nat.internal.NativeTestContainer] Bundle [com.springsource.org.hamcrest [23]] is not resolved
2014-07-08 15:08:09,385 ERROR [org.ops4j.pax.exam.nat.internal.NativeTestContainer] Bundle [org.motechproject.org.springframework.batch.core [25]] is not resolved
2014-07-08 15:08:09,386 ERROR [org.ops4j.pax.exam.nat.internal.NativeTestContainer] Bundle [org.motechproject.motech-scheduler [54]] is not resolved
2014-07-08 15:08:09,386 ERROR [org.ops4j.pax.exam.nat.internal.NativeTestContainer] Bundle [org.motechproject.org.springframework.batch.infrastructure [82]] is not resolved
2014-07-08 15:08:09,386 ERROR [org.ops4j.pax.exam.nat.internal.NativeTestContainer] Bundle [org.motechproject.motech-platform-event [133]] is not resolved
2014-07-08 15:08:09,386 ERROR [org.ops4j.pax.exam.nat.internal.NativeTestContainer] Bundle [org.motechproject.motech-platform-dataservices [149]] is not resolved
2014-07-08 15:08:09,386 ERROR [org.ops4j.pax.exam.nat.internal.NativeTestContainer] Bundle [org.motechproject.motech-platform-server-config [161]] is not resolved
2014-07-08 15:08:10,380 ERROR [org.motechproject.osgi.web.Log4JBundleLoader] Failed loading loggers configuration from database
[INFO] Initializing Spring FrameworkServlet 'servlet_1'
[INFO] Initialized servlet for org.motechproject.motech-platform-osgi-web-util [163]
Tests run: 3, Failures: 0, Errors: 3, Skipped: 0, Time elapsed: 905.861 sec <<< FAILURE! - in org.motechproject.batch.service.impl.it.JobServiceIT
updateJobPropertyTest(org.motechproject.batch.service.impl.it.JobServiceIT)  Time elapsed: 300.053 sec  <<< ERROR!
java.lang.ClassNotFoundException: org.motechproject.batch.exception.BatchException not found by PAXEXAM-PROBE-2d17eea5-052c-478c-867b-a4e5c86469fe [196]
	at org.apache.felix.framework.BundleWiringImpl.findClassOrResourceByDelegation(BundleWiringImpl.java:1532)
	at org.apache.felix.framework.BundleWiringImpl.access$400(BundleWiringImpl.java:75)
	at org.apache.felix.framework.BundleWiringImpl$BundleClassLoader.loadClass(BundleWiringImpl.java:1955)
	at java.lang.ClassLoader.loadClass(ClassLoader.java:358)
	at java.lang.Class.getDeclaredMethods0(Native Method)
	at java.lang.Class.privateGetDeclaredMethods(Class.java:2570)
	at java.lang.Class.privateGetPublicMethods(Class.java:2690)
	at java.lang.Class.getMethods(Class.java:1467)
	at org.ops4j.pax.exam.invoker.junit.internal.JUnitProbeInvoker.findAndInvoke(JUnitProbeInvoker.java:95)
	at org.ops4j.pax.exam.invoker.junit.internal.JUnitProbeInvoker.call(JUnitProbeInvoker.java:74)
	at org.ops4j.pax.exam.nat.internal.NativeTestContainer.call(NativeTestContainer.java:108)
	at org.motechproject.testing.osgi.container.MotechNativeTestContainer.call(MotechNativeTestContainer.java:95)
	at org.ops4j.pax.exam.spi.reactors.SingletonStagedReactor.invoke(SingletonStagedReactor.java:113)
	at org.ops4j.pax.exam.spi.reactors.PerSuiteStagedReactor.invoke(PerSuiteStagedReactor.java:47)
	at org.ops4j.pax.exam.junit.impl.ProbeRunner$2.evaluate(ProbeRunner.java:278)
	at org.junit.runners.ParentRunner.runLeaf(ParentRunner.java:271)
	at org.junit.runners.BlockJUnit4ClassRunner.runChild(BlockJUnit4ClassRunner.java:70)
	at org.junit.runners.BlockJUnit4ClassRunner.runChild(BlockJUnit4ClassRunner.java:50)
	at org.junit.runners.ParentRunner$3.run(ParentRunner.java:238)
	at org.junit.runners.ParentRunner$1.schedule(ParentRunner.java:63)
	at org.junit.runners.ParentRunner.runChildren(ParentRunner.java:236)
	at org.junit.runners.ParentRunner.access$000(ParentRunner.java:53)
	at org.junit.runners.ParentRunner$2.evaluate(ParentRunner.java:229)
	at org.junit.runners.ParentRunner.run(ParentRunner.java:309)
	at org.ops4j.pax.exam.junit.impl.ProbeRunner.run(ProbeRunner.java:112)
	at org.ops4j.pax.exam.junit.PaxExam.run(PaxExam.java:93)
	at org.apache.maven.surefire.junit4.JUnit4Provider.execute(JUnit4Provider.java:264)
	at org.apache.maven.surefire.junit4.JUnit4Provider.executeTestSet(JUnit4Provider.java:153)
	at org.apache.maven.surefire.junit4.JUnit4Provider.invoke(JUnit4Provider.java:124)
	at org.apache.maven.surefire.booter.ForkedBooter.invokeProviderInSameClassLoader(ForkedBooter.java:200)
	at org.apache.maven.surefire.booter.ForkedBooter.runSuitesInProcess(ForkedBooter.java:153)
	at org.apache.maven.surefire.booter.ForkedBooter.main(ForkedBooter.java:103)

scheduleJobTest(org.motechproject.batch.service.impl.it.JobServiceIT)  Time elapsed: 300.012 sec  <<< ERROR!
java.lang.NoClassDefFoundError: org/motechproject/batch/exception/BatchException
	at java.lang.Class.getDeclaredMethods0(Native Method)
	at java.lang.Class.privateGetDeclaredMethods(Class.java:2570)
	at java.lang.Class.privateGetPublicMethods(Class.java:2690)
	at java.lang.Class.getMethods(Class.java:1467)
	at org.ops4j.pax.exam.invoker.junit.internal.JUnitProbeInvoker.findAndInvoke(JUnitProbeInvoker.java:95)
	at org.ops4j.pax.exam.invoker.junit.internal.JUnitProbeInvoker.call(JUnitProbeInvoker.java:74)
	at org.ops4j.pax.exam.nat.internal.NativeTestContainer.call(NativeTestContainer.java:108)
	at org.motechproject.testing.osgi.container.MotechNativeTestContainer.call(MotechNativeTestContainer.java:95)
	at org.ops4j.pax.exam.spi.reactors.SingletonStagedReactor.invoke(SingletonStagedReactor.java:113)
	at org.ops4j.pax.exam.spi.reactors.PerSuiteStagedReactor.invoke(PerSuiteStagedReactor.java:47)
	at org.ops4j.pax.exam.junit.impl.ProbeRunner$2.evaluate(ProbeRunner.java:278)
	at org.junit.runners.ParentRunner.runLeaf(ParentRunner.java:271)
	at org.junit.runners.BlockJUnit4ClassRunner.runChild(BlockJUnit4ClassRunner.java:70)
	at org.junit.runners.BlockJUnit4ClassRunner.runChild(BlockJUnit4ClassRunner.java:50)
	at org.junit.runners.ParentRunner$3.run(ParentRunner.java:238)
	at org.junit.runners.ParentRunner$1.schedule(ParentRunner.java:63)
	at org.junit.runners.ParentRunner.runChildren(ParentRunner.java:236)
	at org.junit.runners.ParentRunner.access$000(ParentRunner.java:53)
	at org.junit.runners.ParentRunner$2.evaluate(ParentRunner.java:229)
	at org.junit.runners.ParentRunner.run(ParentRunner.java:309)
	at org.ops4j.pax.exam.junit.impl.ProbeRunner.run(ProbeRunner.java:112)
	at org.ops4j.pax.exam.junit.PaxExam.run(PaxExam.java:93)
	at org.apache.maven.surefire.junit4.JUnit4Provider.execute(JUnit4Provider.java:264)
	at org.apache.maven.surefire.junit4.JUnit4Provider.executeTestSet(JUnit4Provider.java:153)
	at org.apache.maven.surefire.junit4.JUnit4Provider.invoke(JUnit4Provider.java:124)
	at org.apache.maven.surefire.booter.ForkedBooter.invokeProviderInSameClassLoader(ForkedBooter.java:200)
	at org.apache.maven.surefire.booter.ForkedBooter.runSuitesInProcess(ForkedBooter.java:153)
	at org.apache.maven.surefire.booter.ForkedBooter.main(ForkedBooter.java:103)

getListOfJobTest(org.motechproject.batch.service.impl.it.JobServiceIT)  Time elapsed: 300.001 sec  <<< ERROR!
java.lang.NoClassDefFoundError: org/motechproject/batch/exception/BatchException
	at java.lang.Class.getDeclaredMethods0(Native Method)
	at java.lang.Class.privateGetDeclaredMethods(Class.java:2570)
	at java.lang.Class.privateGetPublicMethods(Class.java:2690)
	at java.lang.Class.getMethods(Class.java:1467)
	at org.ops4j.pax.exam.invoker.junit.internal.JUnitProbeInvoker.findAndInvoke(JUnitProbeInvoker.java:95)
	at org.ops4j.pax.exam.invoker.junit.internal.JUnitProbeInvoker.call(JUnitProbeInvoker.java:74)
	at org.ops4j.pax.exam.nat.internal.NativeTestContainer.call(NativeTestContainer.java:108)
	at org.motechproject.testing.osgi.container.MotechNativeTestContainer.call(MotechNativeTestContainer.java:95)
	at org.ops4j.pax.exam.spi.reactors.SingletonStagedReactor.invoke(SingletonStagedReactor.java:113)
	at org.ops4j.pax.exam.spi.reactors.PerSuiteStagedReactor.invoke(PerSuiteStagedReactor.java:47)
	at org.ops4j.pax.exam.junit.impl.ProbeRunner$2.evaluate(ProbeRunner.java:278)
	at org.junit.runners.ParentRunner.runLeaf(ParentRunner.java:271)
	at org.junit.runners.BlockJUnit4ClassRunner.runChild(BlockJUnit4ClassRunner.java:70)
	at org.junit.runners.BlockJUnit4ClassRunner.runChild(BlockJUnit4ClassRunner.java:50)
	at org.junit.runners.ParentRunner$3.run(ParentRunner.java:238)
	at org.junit.runners.ParentRunner$1.schedule(ParentRunner.java:63)
	at org.junit.runners.ParentRunner.runChildren(ParentRunner.java:236)
	at org.junit.runners.ParentRunner.access$000(ParentRunner.java:53)
	at org.junit.runners.ParentRunner$2.evaluate(ParentRunner.java:229)
	at org.junit.runners.ParentRunner.run(ParentRunner.java:309)
	at org.ops4j.pax.exam.junit.impl.ProbeRunner.run(ProbeRunner.java:112)
	at org.ops4j.pax.exam.junit.PaxExam.run(PaxExam.java:93)
	at org.apache.maven.surefire.junit4.JUnit4Provider.execute(JUnit4Provider.java:264)
	at org.apache.maven.surefire.junit4.JUnit4Provider.executeTestSet(JUnit4Provider.java:153)
	at org.apache.maven.surefire.junit4.JUnit4Provider.invoke(JUnit4Provider.java:124)
	at org.apache.maven.surefire.booter.ForkedBooter.invokeProviderInSameClassLoader(ForkedBooter.java:200)
	at org.apache.maven.surefire.booter.ForkedBooter.runSuitesInProcess(ForkedBooter.java:153)
	at org.apache.maven.surefire.booter.ForkedBooter.main(ForkedBooter.java:103)


Results :

Tests in error: 
  BatchJobMDSServiceIT.testBatchJob  ClassNotFound org.motechproject.batch.mds....
  BatchJobParameterMDSServiceIT.testBatchJobParameters  ClassNotFound org.motec...
  JobServiceIT.updateJobPropertyTest  ClassNotFound org.motechproject.batch.exc...
  JobServiceIT.scheduleJobTest  NoClassDefFound org/motechproject/batch/excepti...
  JobServiceIT.getListOfJobTest  NoClassDefFound org/motechproject/batch/except...

Tests run: 5, Failures: 0, Errors: 5, Skipped: 0

[INFO] 
[INFO] --- maven-failsafe-plugin:2.17:integration-test (integration-test-osgi) @ motech-platform-batch ---
[WARNING] The parameter forkMode is deprecated since version 2.14. Use forkCount and reuseForks instead.
[INFO] 
[INFO] --- maven-enforcer-plugin:1.3.1:enforce (enforce-no-package-cycles) @ motech-platform-batch ---
[INFO] Analysing package cyclic dependencies
[INFO] 
[INFO] --- maven-failsafe-plugin:2.17:verify (verify) @ motech-platform-batch ---
[INFO] Failsafe report directory: /home/naveen/Desktop/work/branch-dev-batch/modules/batch/target/failsafe-reports
[INFO] ------------------------------------------------------------------------
[INFO] BUILD FAILURE
[INFO] ------------------------------------------------------------------------
[INFO] Total time: 25:34.015s
[INFO] Finished at: Tue Jul 08 15:23:10 IST 2014
[INFO] Final Memory: 28M/312M
[INFO] ------------------------------------------------------------------------
[ERROR] Failed to execute goal org.apache.maven.plugins:maven-failsafe-plugin:2.17:verify (verify) on project motech-platform-batch: There are test failures.
[ERROR] 
[ERROR] Please refer to /home/naveen/Desktop/work/branch-dev-batch/modules/batch/target/failsafe-reports for the individual test results.
[ERROR] -> [Help 1]
[ERROR] 
[ERROR] To see the full stack trace of the errors, re-run Maven with the -e switch.
[ERROR] Re-run Maven using the -X switch to enable full debug logging.
[ERROR] 
[ERROR] For more information about the errors and possible solutions, please read the following articles:
[ERROR] [Help 1] http://cwiki.apache.org/confluence/display/MAVEN/MojoFailureException
